Copyright 1986-2022 Xilinx, Inc. All Rights Reserved.
------------------------------------------------------------------------------------
| Tool Version : Vivado v.2022.2 (win64) Build 3671981 Fri Oct 14 05:00:03 MDT 2022
| Date         : Wed Apr 12 08:29:59 2023
| Host         : DESKTOP-GO1IS4S running 64-bit major release  (build 9200)
| Command      : upgrade_ip
| Device       : xczu2cg-sfvc784-1-i
------------------------------------------------------------------------------------

Upgrade Log for IP 'video_pll'

1. Summary
----------

SUCCESS in the upgrade of video_pll (xilinx.com:ip:clk_wiz:6.0) from (Rev. 10) to (Rev. 11)






Copyright 1986-2022 Xilinx, Inc. All Rights Reserved.
------------------------------------------------------------------------------------
| Tool Version : Vivado v.2022.1 (win64) Build 3526262 Mon Apr 18 15:48:16 MDT 2022
| Date         : Sat Nov 12 09:40:00 2022
| Host         : DESKTOP-CJ3G5DI running 64-bit major release  (build 9200)
| Command      : upgrade_ip
| Device       : xczu2cg-sfvc784-1-i
------------------------------------------------------------------------------------

Upgrade Log for IP 'video_pll'

1. Summary
----------

SUCCESS in the upgrade of video_pll (xilinx.com:ip:clk_wiz:6.0) from (Rev. 5) to (Rev. 10)

